    1  histry 300
    2  history 300
    3  pwd
    4  ls
    5  cd /root
    6  ls
    7  cd server_lesson
    8  ls
    9  cd linux_practice2
   10  ls
   11  cat exec_command.log
   12  vi exec_command.log
   13  cd ..
   14  ls
   15  rm -r linux_practice2
   16  mkdir linux_practice2
   17  c linux_practice2
   18  cd linux_practice2
   19  mkdir documents
   20  cd documents
   21  touch gizumo.md
   22  for i in {01..50}; do cp gizumo.md gizumo${i}.md; done
   23  rm gizumo.md
   24  cd ..
   25  mkdir trash
   26  for i in {20..40}; do mv /documents/gizumo${i}.md /trash/gizumo${i}.md; ; done
   27  for i in {20..40}; do mv /documents/gizumo${i}.md /trash/gizumo${i}.md;  done
   28  for i in {20..40}; do mv ./documents/gizumo${i}.md ./trash/gizumo${i}.md;  done
   29  mkdir .gitignore
   30  rm -r .gitignore
   31  touch .gitignore
   32  vi .gitignore
   33  history 300 -a > exec_command.log
   34  history 300
   35  history 300 > exec_command.log
